#
# A fatal error has been detected by the Java Runtime Environment:
#
#  EXCEPTION_ACCESS_VIOLATION (0xc0000005) at pc=0x766f9b60, pid=3260, tid=5368
#
# JRE version: 7.0_10-b18
# Java VM: Java HotSpot(TM) Client VM (23.6-b04 mixed mode, sharing windows-x86 )
# Problematic frame:
# C  [msvcrt.dll+0x9b60]
#
# Failed to write core dump. Minidumps are not enabled by default on client versions of Windows
#
# If you would like to submit a bug report, please visit:
#   http://bugreport.sun.com/bugreport/crash.jsp
# The crash happened outside the Java Virtual Machine in native code.
# See problematic frame for where to report the bug.
#

---------------  T H R E A D  ---------------

Current thread (0x04bdd000):  JavaThread "MainLoop" [_thread_in_native, id=5368, stack(0x04e30000,0x04e80000)]

siginfo: ExceptionCode=0xc0000005, writing address 0x00000000

Registers:
EAX=0x2451005c, EBX=0x04bdd128, ECX=0x00000014, EDX=0x00000000
ESP=0x04e7f1e0, EBP=0x04e7f1e8, ESI=0x2451000c, EDI=0x00000000
EIP=0x766f9b60, EFLAGS=0x00010216

Top of Stack: (sp=0x04e7f1e0)
0x04e7f1e0:   04e7f238 2451000c 00000000 6ceec2b3
0x04e7f1f0:   00000000 2451000c 00000050 10d1f484
0x04e7f200:   00000001 006fe6dc 04e7f278 249ee570
0x04e7f210:   04e7f240 04bdd000 04e7f258 028373d9
0x04e7f220:   04bdd128 04e7f240 04e7f238 04e7f23c
0x04e7f230:   00000014 00000000 24510000 249ee570
0x04e7f240:   29acf360 dbc093d4 fffffffe 02833da5
0x04e7f250:   04bdd128 04e7f268 04e7f434 0283c798 

Instructions: (pc=0x766f9b60)
0x766f9b40:   8b 45 08 5e 5f c9 c3 8a 46 03 88 47 03 8a 46 02
0x766f9b50:   88 47 02 8a 46 01 88 47 01 8b 45 08 5e 5f c9 c3
0x766f9b60:   f3 a5 ff 24 95 b8 99 6f 76 8a 06 88 07 8a 46 01
0x766f9b70:   88 47 01 8b 45 08 5e 5f c9 c3 83 3d 44 00 79 76 


Register to memory mapping:

EAX=0x2451005c is an oop
[F 
 - klass: {type array float}
 - length: 20000
EBX=0x04bdd128 is an unknown value
ECX=0x00000014 is an unknown value
EDX=0x00000000 is an unknown value
ESP=0x04e7f1e0 is pointing into the stack for thread: 0x04bdd000
EBP=0x04e7f1e8 is pointing into the stack for thread: 0x04bdd000
ESI=0x2451000c is an oop
[F 
 - klass: {type array float}
 - length: 20000
EDI=0x00000000 is an unknown value


Stack: [0x04e30000,0x04e80000],  sp=0x04e7f1e0,  free space=316k
Native frames: (J=compiled Java code, j=interpreted, Vv=VM code, C=native code)
C  [msvcrt.dll+0x9b60]

Java frames: (J=compiled Java code, j=interpreted, Vv=VM code)
J  com.badlogic.gdx.utils.BufferUtils.copyJni([FLjava/nio/Buffer;II)V
J  com.badlogic.gdx.utils.BufferUtils.copy([FLjava/nio/Buffer;II)V
J  com.badlogic.gdx.graphics.g2d.SpriteBatch.renderMesh()V
J  com.badlogic.gdx.graphics.g2d.SpriteBatch.draw(Lcom/badlogic/gdx/graphics/Texture;[FII)V
J  Reciclagem.render()V
J  com.badlogic.gdx.backends.jglfw.JglfwApplication.frame()V
j  com.badlogic.gdx.backends.jglfw.JglfwApplication.start()V+61
j  com.badlogic.gdx.backends.jglfw.JglfwApplication.initialize(Lcom/badlogic/gdx/backends/jglfw/JglfwApplicationConfiguration;)V+166
j  com.badlogic.gdx.backends.jglfw.JglfwApplication$1.run()V+8
j  java.lang.Thread.run()V+11
v  ~StubRoutines::call_stub

---------------  P R O C E S S  ---------------

Java Threads: ( => current thread )
  0x00ddb000 JavaThread "DestroyJavaVM" [_thread_blocked, id=3264, stack(0x00d40000,0x00d90000)]
=>0x04bdd000 JavaThread "MainLoop" [_thread_in_native, id=5368, stack(0x04e30000,0x04e80000)]
  0x00eb4000 JavaThread "Service Thread" daemon [_thread_blocked, id=2320, stack(0x04ab0000,0x04b00000)]
  0x00eaf000 JavaThread "C1 CompilerThread0" daemon [_thread_blocked, id=6152, stack(0x047b0000,0x04800000)]
  0x00eae000 JavaThread "Attach Listener" daemon [_thread_blocked, id=6708, stack(0x048a0000,0x048f0000)]
  0x00eab000 JavaThread "Signal Dispatcher" daemon [_thread_blocked, id=2112, stack(0x01040000,0x01090000)]
  0x00e93800 JavaThread "Finalizer" daemon [_thread_blocked, id=5212, stack(0x012c0000,0x01310000)]
  0x00e92400 JavaThread "Reference Handler" daemon [_thread_blocked, id=2576, stack(0x01270000,0x012c0000)]

Other Threads:
  0x00e90400 VMThread [stack: 0x010d0000,0x01120000] [id=6280]
  0x00ec6400 WatcherThread [stack: 0x04b10000,0x04b60000] [id=4452]

VM state:not at safepoint (normal execution)

VM Mutex/Monitor currently owned by a thread: None

Heap
 def new generation   total 4928K, used 356K [0x24510000, 0x24a60000, 0x29a60000)
  eden space 4416K,   2% used [0x24510000, 0x24526f80, 0x24960000)
  from space 512K,  51% used [0x249e0000, 0x24a22440, 0x24a60000)
  to   space 512K,   0% used [0x24960000, 0x24960000, 0x249e0000)
 tenured generation   total 10944K, used 8363K [0x29a60000, 0x2a510000, 0x34510000)
   the space 10944K,  76% used [0x29a60000, 0x2a28af88, 0x2a28b000, 0x2a510000)
 compacting perm gen  total 12288K, used 1642K [0x34510000, 0x35110000, 0x38510000)
   the space 12288K,  13% used [0x34510000, 0x346aa9e8, 0x346aaa00, 0x35110000)
    ro space 10240K,  42% used [0x38510000, 0x389508b0, 0x38950a00, 0x38f10000)
    rw space 12288K,  54% used [0x38f10000, 0x39590bf8, 0x39590c00, 0x39b10000)

Card table byte_map: [0x00830000,0x008e0000] byte_map_base: 0x0070d780

Polling page: 0x001c0000

Code Cache  [0x02770000, 0x02850000, 0x04770000)
 total_blobs=513 nmethods=222 adapters=226 free_code_cache=31872Kb largest_free_block=32637120

Compilation events (10 events):
Event: 10.100 Thread 0x00eaf000  218             java.lang.String::substring (79 bytes)
Event: 10.100 Thread 0x00eaf000 nmethod 218 0x0284e708 code [0x0284e850, 0x0284eb00]
Event: 11.263 Thread 0x00eaf000    1 %           com.badlogic.gdx.backends.jglfw.JglfwApplication::start @ 53 (72 bytes)
Event: 11.264 Thread 0x00eaf000 nmethod 1% 0x0284ecc8 code [0x0284ee20, 0x0284f02c]
Event: 11.385 Thread 0x00eaf000  219             java.util.ArrayList::rangeCheck (22 bytes)
Event: 11.386 Thread 0x00eaf000 nmethod 219 0x0284f248 code [0x0284f3a0, 0x0284f668]
Event: 11.386 Thread 0x00eaf000  220             java.util.ArrayList::elementData (7 bytes)
Event: 11.386 Thread 0x00eaf000 nmethod 220 0x0284f908 code [0x0284fa00, 0x0284faa0]
Event: 11.415 Thread 0x00eaf000  221             java.util.ArrayList::get (11 bytes)
Event: 11.415 Thread 0x00eaf000 nmethod 221 0x0284fb48 code [0x0284fc60, 0x0284fda8]

GC Heap History (10 events):
Event: 13.247 GC heap before
{Heap before GC invocations=344 (full 0):
 def new generation   total 4928K, used 4635K [0x24510000, 0x24a60000, 0x29a60000)
  eden space 4416K,  98% used [0x24510000, 0x249548e0, 0x24960000)
  from space 512K,  51% used [0x24960000, 0x249a2440, 0x249e0000)
  to   space 512K,   0% used [0x249e0000, 0x249e0000, 0x24a60000)
 tenured generation   total 10944K, used 8260K [0x29a60000, 0x2a510000, 0x34510000)
   the space 10944K,  75% used [0x29a60000, 0x2a271308, 0x2a271400, 0x2a510000)
 compacting perm gen  total 12288K, used 1642K [0x34510000, 0x35110000, 0x38510000)
   the space 12288K,  13% used [0x34510000, 0x346aa9e8, 0x346aaa00, 0x35110000)
    ro space 10240K,  42% used [0x38510000, 0x389508b0, 0x38950a00, 0x38f10000)
    rw space 12288K,  54% used [0x38f10000, 0x39590bf8, 0x39590c00, 0x39b10000)
Event: 13.248 GC heap after
Heap after GC invocations=345 (full 0):
 def new generation   total 4928K, used 265K [0x24510000, 0x24a60000, 0x29a60000)
  eden space 4416K,   0% used [0x24510000, 0x24510000, 0x24960000)
  from space 512K,  51% used [0x249e0000, 0x24a22440, 0x24a60000)
  to   space 512K,   0% used [0x24960000, 0x24960000, 0x249e0000)
 tenured generation   total 10944K, used 8281K [0x29a60000, 0x2a510000, 0x34510000)
   the space 10944K,  75% used [0x29a60000, 0x2a276588, 0x2a276600, 0x2a510000)
 compacting perm gen  total 12288K, used 1642K [0x34510000, 0x35110000, 0x38510000)
   the space 12288K,  13% used [0x34510000, 0x346aa9e8, 0x346aaa00, 0x35110000)
    ro space 10240K,  42% used [0x38510000, 0x389508b0, 0x38950a00, 0x38f10000)
    rw space 12288K,  54% used [0x38f10000, 0x39590bf8, 0x39590c00, 0x39b10000)
}
Event: 13.285 GC heap before
{Heap before GC invocations=345 (full 0):
 def new generation   total 4928K, used 4635K [0x24510000, 0x24a60000, 0x29a60000)
  eden space 4416K,  98% used [0x24510000, 0x249548e0, 0x24960000)
  from space 512K,  51% used [0x249e0000, 0x24a22440, 0x24a60000)
  to   space 512K,   0% used [0x24960000, 0x24960000, 0x249e0000)
 tenured generation   total 10944K, used 8281K [0x29a60000, 0x2a510000, 0x34510000)
   the space 10944K,  75% used [0x29a60000, 0x2a276588, 0x2a276600, 0x2a510000)
 compacting perm gen  total 12288K, used 1642K [0x34510000, 0x35110000, 0x38510000)
   the space 12288K,  13% used [0x34510000, 0x346aa9e8, 0x346aaa00, 0x35110000)
    ro space 10240K,  42% used [0x38510000, 0x389508b0, 0x38950a00, 0x38f10000)
    rw space 12288K,  54% used [0x38f10000, 0x39590bf8, 0x39590c00, 0x39b10000)
Event: 13.286 GC heap after
Heap after GC invocations=346 (full 0):
 def new generation   total 4928K, used 265K [0x24510000, 0x24a60000, 0x29a60000)
  eden space 4416K,   0% used [0x24510000, 0x24510000, 0x24960000)
  from space 512K,  51% used [0x24960000, 0x249a2440, 0x249e0000)
  to   space 512K,   0% used [0x249e0000, 0x249e0000, 0x24a60000)
 tenured generation   total 10944K, used 8302K [0x29a60000, 0x2a510000, 0x34510000)
   the space 10944K,  75% used [0x29a60000, 0x2a27b808, 0x2a27ba00, 0x2a510000)
 compacting perm gen  total 12288K, used 1642K [0x34510000, 0x35110000, 0x38510000)
   the space 12288K,  13% used [0x34510000, 0x346aa9e8, 0x346aaa00, 0x35110000)
    ro space 10240K,  42% used [0x38510000, 0x389508b0, 0x38950a00, 0x38f10000)
    rw space 12288K,  54% used [0x38f10000, 0x39590bf8, 0x39590c00, 0x39b10000)
}
Event: 13.326 GC heap before
{Heap before GC invocations=346 (full 0):
 def new generation   total 4928K, used 4635K [0x24510000, 0x24a60000, 0x29a60000)
  eden space 4416K,  98% used [0x24510000, 0x249548e0, 0x24960000)
  from space 512K,  51% used [0x24960000, 0x249a2440, 0x249e0000)
  to   space 512K,   0% used [0x249e0000, 0x249e0000, 0x24a60000)
 tenured generation   total 10944K, used 8302K [0x29a60000, 0x2a510000, 0x34510000)
   the space 10944K,  75% used [0x29a60000, 0x2a27b808, 0x2a27ba00, 0x2a510000)
 compacting perm gen  total 12288K, used 1642K [0x34510000, 0x35110000, 0x38510000)
   the space 12288K,  13% used [0x34510000, 0x346aa9e8, 0x346aaa00, 0x35110000)
    ro space 10240K,  42% used [0x38510000, 0x389508b0, 0x38950a00, 0x38f10000)
    rw space 12288K,  54% used [0x38f10000, 0x39590bf8, 0x39590c00, 0x39b10000)
Event: 13.327 GC heap after
Heap after GC invocations=347 (full 0):
 def new generation   total 4928K, used 265K [0x24510000, 0x24a60000, 0x29a60000)
  eden space 4416K,   0% used [0x24510000, 0x24510000, 0x24960000)
  from space 512K,  51% used [0x249e0000, 0x24a22440, 0x24a60000)
  to   space 512K,   0% used [0x24960000, 0x24960000, 0x249e0000)
 tenured generation   total 10944K, used 8322K [0x29a60000, 0x2a510000, 0x34510000)
   the space 10944K,  76% used [0x29a60000, 0x2a280a88, 0x2a280c00, 0x2a510000)
 compacting perm gen  total 12288K, used 1642K [0x34510000, 0x35110000, 0x38510000)
   the space 12288K,  13% used [0x34510000, 0x346aa9e8, 0x346aaa00, 0x35110000)
    ro space 10240K,  42% used [0x38510000, 0x389508b0, 0x38950a00, 0x38f10000)
    rw space 12288K,  54% used [0x38f10000, 0x39590bf8, 0x39590c00, 0x39b10000)
}
Event: 13.365 GC heap before
{Heap before GC invocations=347 (full 0):
 def new generation   total 4928K, used 4635K [0x24510000, 0x24a60000, 0x29a60000)
  eden space 4416K,  98% used [0x24510000, 0x249548e0, 0x24960000)
  from space 512K,  51% used [0x249e0000, 0x24a22440, 0x24a60000)
  to   space 512K,   0% used [0x24960000, 0x24960000, 0x249e0000)
 tenured generation   total 10944K, used 8322K [0x29a60000, 0x2a510000, 0x34510000)
   the space 10944K,  76% used [0x29a60000, 0x2a280a88, 0x2a280c00, 0x2a510000)
 compacting perm gen  total 12288K, used 1642K [0x34510000, 0x35110000, 0x38510000)
   the space 12288K,  13% used [0x34510000, 0x346aa9e8, 0x346aaa00, 0x35110000)
    ro space 10240K,  42% used [0x38510000, 0x389508b0, 0x38950a00, 0x38f10000)
    rw space 12288K,  54% used [0x38f10000, 0x39590bf8, 0x39590c00, 0x39b10000)
Event: 13.366 GC heap after
Heap after GC invocations=348 (full 0):
 def new generation   total 4928K, used 265K [0x24510000, 0x24a60000, 0x29a60000)
  eden space 4416K,   0% used [0x24510000, 0x24510000, 0x24960000)
  from space 512K,  51% used [0x24960000, 0x249a2440, 0x249e0000)
  to   space 512K,   0% used [0x249e0000, 0x249e0000, 0x24a60000)
 tenured generation   total 10944K, used 8343K [0x29a60000, 0x2a510000, 0x34510000)
   the space 10944K,  76% used [0x29a60000, 0x2a285d08, 0x2a285e00, 0x2a510000)
 compacting perm gen  total 12288K, used 1642K [0x34510000, 0x35110000, 0x38510000)
   the space 12288K,  13% used [0x34510000, 0x346aa9e8, 0x346aaa00, 0x35110000)
    ro space 10240K,  42% used [0x38510000, 0x389508b0, 0x38950a00, 0x38f10000)
    rw space 12288K,  54% used [0x38f10000, 0x39590bf8, 0x39590c00, 0x39b10000)
}
Event: 13.407 GC heap before
{Heap before GC invocations=348 (full 0):
 def new generation   total 4928K, used 4635K [0x24510000, 0x24a60000, 0x29a60000)
  eden space 4416K,  98% used [0x24510000, 0x249548e0, 0x24960000)
  from space 512K,  51% used [0x24960000, 0x249a2440, 0x249e0000)
  to   space 512K,   0% used [0x249e0000, 0x249e0000, 0x24a60000)
 tenured generation   total 10944K, used 8343K [0x29a60000, 0x2a510000, 0x34510000)
   the space 10944K,  76% used [0x29a60000, 0x2a285d08, 0x2a285e00, 0x2a510000)
 compacting perm gen  total 12288K, used 1642K [0x34510000, 0x35110000, 0x38510000)
   the space 12288K,  13% used [0x34510000, 0x346aa9e8, 0x346aaa00, 0x35110000)
    ro space 10240K,  42% used [0x38510000, 0x389508b0, 0x38950a00, 0x38f10000)
    rw space 12288K,  54% used [0x38f10000, 0x39590bf8, 0x39590c00, 0x39b10000)
Event: 13.408 GC heap after
Heap after GC invocations=349 (full 0):
 def new generation   total 4928K, used 265K [0x24510000, 0x24a60000, 0x29a60000)
  eden space 4416K,   0% used [0x24510000, 0x24510000, 0x24960000)
  from space 512K,  51% used [0x249e0000, 0x24a22440, 0x24a60000)
  to   space 512K,   0% used [0x24960000, 0x24960000, 0x249e0000)
 tenured generation   total 10944K, used 8363K [0x29a60000, 0x2a510000, 0x34510000)
   the space 10944K,  76% used [0x29a60000, 0x2a28af88, 0x2a28b000, 0x2a510000)
 compacting perm gen  total 12288K, used 1642K [0x34510000, 0x35110000, 0x38510000)
   the space 12288K,  13% used [0x34510000, 0x346aa9e8, 0x346aaa00, 0x35110000)
    ro space 10240K,  42% used [0x38510000, 0x389508b0, 0x38950a00, 0x38f10000)
    rw space 12288K,  54% used [0x38f10000, 0x39590bf8, 0x39590c00, 0x39b10000)
}

Deoptimization events (0 events):
No events

Internal exceptions (10 events):
Event: 0.322 Thread 0x04bdd000 Threw 0x24954638 at C:\jdk7u2_32P\jdk7u10\hotspot\src\share\vm\prims\jvm.cpp:1166
Event: 0.323 Thread 0x04bdd000 Threw 0x2495ab90 at C:\jdk7u2_32P\jdk7u10\hotspot\src\share\vm\prims\jvm.cpp:1166
Event: 0.328 Thread 0x04bdd000 Threw 0x245105a0 at C:\jdk7u2_32P\jdk7u10\hotspot\src\share\vm\prims\jvm.cpp:1166
Event: 0.329 Thread 0x04bdd000 Threw 0x24517a18 at C:\jdk7u2_32P\jdk7u10\hotspot\src\share\vm\prims\jvm.cpp:1166
Event: 0.330 Thread 0x04bdd000 Threw 0x2451bd38 at C:\jdk7u2_32P\jdk7u10\hotspot\src\share\vm\prims\jvm.cpp:1166
Event: 0.331 Thread 0x04bdd000 Threw 0x2451fbf8 at C:\jdk7u2_32P\jdk7u10\hotspot\src\share\vm\prims\jvm.cpp:1166
Event: 0.332 Thread 0x04bdd000 Threw 0x2454d6d0 at C:\jdk7u2_32P\jdk7u10\hotspot\src\share\vm\prims\jvm.cpp:1166
Event: 0.332 Thread 0x04bdd000 Threw 0x24550ff8 at C:\jdk7u2_32P\jdk7u10\hotspot\src\share\vm\prims\jvm.cpp:1166
Event: 0.349 Thread 0x04bdd000 Threw 0x2455b820 at C:\jdk7u2_32P\jdk7u10\hotspot\src\share\vm\prims\jvm.cpp:1166
Event: 2.600 Thread 0x04bdd000 Threw 0x248f9a28 at C:\jdk7u2_32P\jdk7u10\hotspot\src\share\vm\prims\jvm.cpp:1166

Events (10 events):
Event: 13.247 Executing VM operation: GenCollectForAllocation
Event: 13.248 Executing VM operation: GenCollectForAllocation done
Event: 13.285 Executing VM operation: GenCollectForAllocation
Event: 13.286 Executing VM operation: GenCollectForAllocation done
Event: 13.326 Executing VM operation: GenCollectForAllocation
Event: 13.327 Executing VM operation: GenCollectForAllocation done
Event: 13.365 Executing VM operation: GenCollectForAllocation
Event: 13.366 Executing VM operation: GenCollectForAllocation done
Event: 13.407 Executing VM operation: GenCollectForAllocation
Event: 13.408 Executing VM operation: GenCollectForAllocation done


Dynamic libraries:
0x01340000 - 0x0136f000 	C:\Program Files (x86)\Java\jre7\bin\javaw.exe
0x77900000 - 0x77a80000 	C:\Windows\SysWOW64\ntdll.dll
0x748e0000 - 0x7491f000 	C:\Program Files\AVAST Software\Avast\snxhk.dll
0x75650000 - 0x75760000 	C:\Windows\syswow64\KERNEL32.dll
0x77410000 - 0x77457000 	C:\Windows\syswow64\KERNELBASE.dll
0x76380000 - 0x76420000 	C:\Windows\syswow64\ADVAPI32.dll
0x766f0000 - 0x7679c000 	C:\Windows\syswow64\msvcrt.dll
0x76420000 - 0x76439000 	C:\Windows\SysWOW64\sechost.dll
0x75c70000 - 0x75d60000 	C:\Windows\syswow64\RPCRT4.dll
0x75350000 - 0x753b0000 	C:\Windows\syswow64\SspiCli.dll
0x75340000 - 0x7534c000 	C:\Windows\syswow64\CRYPTBASE.dll
0x75860000 - 0x75960000 	C:\Windows\syswow64\USER32.dll
0x75b40000 - 0x75bd0000 	C:\Windows\syswow64\GDI32.dll
0x75b30000 - 0x75b3a000 	C:\Windows\syswow64\LPK.dll
0x75d60000 - 0x75dfd000 	C:\Windows\syswow64\USP10.dll
0x72920000 - 0x72abe000 	C:\Windows\WinSxS\x86_microsoft.windows.common-controls_6595b64144ccf1df_6.0.7601.17514_none_41e6975e2bd6f2b2\COMCTL32.dll
0x75760000 - 0x757b7000 	C:\Windows\syswow64\SHLWAPI.dll
0x76290000 - 0x762f0000 	C:\Windows\system32\IMM32.DLL
0x76620000 - 0x766ec000 	C:\Windows\syswow64\MSCTF.dll
0x60330000 - 0x603ed000 	C:\Program Files (x86)\Java\jre7\bin\msvcr100.dll
0x5ffe0000 - 0x6032c000 	C:\Program Files (x86)\Java\jre7\bin\client\jvm.dll
0x74f50000 - 0x74f57000 	C:\Windows\system32\WSOCK32.dll
0x75820000 - 0x75855000 	C:\Windows\syswow64\WS2_32.dll
0x76440000 - 0x76446000 	C:\Windows\syswow64\NSI.dll
0x74d20000 - 0x74d52000 	C:\Windows\system32\WINMM.dll
0x75bd0000 - 0x75bd5000 	C:\Windows\syswow64\PSAPI.DLL
0x73100000 - 0x7310c000 	C:\Program Files (x86)\Java\jre7\bin\verify.dll
0x69620000 - 0x69640000 	C:\Program Files (x86)\Java\jre7\bin\java.dll
0x69540000 - 0x69553000 	C:\Program Files (x86)\Java\jre7\bin\zip.dll
0x6cec0000 - 0x6cf42000 	C:\Users\Vinicius\AppData\Local\Temp\libgdxVinicius\3693967b\gdx.dll
0x6a900000 - 0x6a9cb000 	C:\Users\Vinicius\AppData\Local\Temp\libgdxVinicius\4121433788\jglfw.dll
0x6f9b0000 - 0x6fa78000 	C:\Windows\system32\OPENGL32.DLL
0x73fd0000 - 0x73ff2000 	C:\Windows\system32\GLU32.dll
0x71070000 - 0x71157000 	C:\Windows\system32\DDRAW.dll
0x74d60000 - 0x74d66000 	C:\Windows\system32\DCIMAN32.dll
0x75990000 - 0x75b2d000 	C:\Windows\syswow64\SETUPAPI.dll
0x75960000 - 0x75987000 	C:\Windows\syswow64\CFGMGR32.dll
0x77470000 - 0x774ff000 	C:\Windows\syswow64\OLEAUT32.dll
0x764c0000 - 0x7661c000 	C:\Windows\syswow64\ole32.dll
0x767a0000 - 0x767b2000 	C:\Windows\syswow64\DEVOBJ.dll
0x74920000 - 0x74933000 	C:\Windows\system32\dwmapi.dll
0x72db0000 - 0x72e30000 	C:\Windows\system32\uxtheme.dll
0x73dc0000 - 0x73dc9000 	C:\ProgramData\Real\RealPlayer\BrowserRecordPlugin\Chrome\Hook\rpchrome150browserrecordhelper.dll
0x73990000 - 0x73a33000 	C:\Windows\WinSxS\x86_microsoft.vc90.crt_1fc8b3b9a1e18e3b_9.0.30729.6161_none_50934f2ebcb7eb57\MSVCR90.dll
0x767c0000 - 0x7740a000 	C:\Windows\syswow64\SHELL32.dll
0x10000000 - 0x10dc0000 	C:\Windows\system32\ig4icd32.dll

VM Arguments:
jvm_args: -Dfile.encoding=Cp1252 
java_command: Principal
Launcher Type: SUN_STANDARD

Environment Variables:
PATH=C:/Program Files (x86)/Java/jre7/bin/client;C:/Program Files (x86)/Java/jre7/bin;C:/Program Files (x86)/Java/jre7/lib/i386;C:\Program Files (x86)\NVIDIA Corporation\PhysX\Common;C:\Program Files\Common Files\Microsoft Shared\Windows Live;C:\Program Files (x86)\Common Files\Microsoft Shared\Windows Live;C:\Windows\system32;C:\Windows;C:\Windows\System32\Wbem;C:\Windows\System32\WindowsPowerShell\v1.0\;C:\Program Files (x86)\Windows Live\Shared;C:\Program Files (x86)\Common Files\Roxio Shared\DLLShared\;C:\Program Files (x86)\Common Files\Roxio Shared\OEM\DLLShared\;C:\Program Files (x86)\Common Files\Roxio Shared\OEM\DLLShared\;C:\Program Files (x86)\Common Files\Roxio Shared\OEM\12.0\DLLShared\;C:\Program Files (x86)\Roxio\OEM\AudioCore\;c:\Program Files (x86)\Microsoft SQL Server\100\Tools\Binn\;c:\Program Files\Microsoft SQL Server\100\Tools\Binn\;c:\Program Files\Microsoft SQL Server\100\DTS\Binn\;C:\Program Files\Internet Explorer;C:\Program Files (x86)\GtkSharp\2.12\bin;C:\Program Files (x86)\Autodesk\Backburner\;C:\eclipse;
USERNAME=Vinicius
OS=Windows_NT
PROCESSOR_IDENTIFIER=Intel64 Family 6 Model 42 Stepping 7, GenuineIntel



---------------  S Y S T E M  ---------------

OS: Windows 7 , 64 bit Build 7601 Service Pack 1

CPU:total 4 (2 cores per cpu, 2 threads per core) family 6 model 42 stepping 7, cmov, cx8, fxsr, mmx, sse, sse2, sse3, ssse3, sse4.1, sse4.2, popcnt, avx, ht, tsc, tscinvbit

Memory: 4k page, physical 3051800k(358132k free), swap 6265580k(443580k free)

vm_info: Java HotSpot(TM) Client VM (23.6-b04) for windows-x86 JRE (1.7.0_10-b18), built on Nov 28 2012 08:34:29 by "java_re" with unknown MS VC++:1600

time: Fri Sep 13 01:07:09 2013
elapsed time: 13 seconds

