#
# A fatal error has been detected by the Java Runtime Environment:
#
#  EXCEPTION_ACCESS_VIOLATION (0xc0000005) at pc=0x77649b60, pid=2508, tid=5892
#
# JRE version: Java(TM) SE Runtime Environment (7.0_40-b43) (build 1.7.0_40-b43)
# Java VM: Java HotSpot(TM) Client VM (24.0-b56 mixed mode, sharing windows-x86 )
# Problematic frame:
# C  [msvcrt.dll+0x9b60]
#
# Failed to write core dump. Minidumps are not enabled by default on client versions of Windows
#
# If you would like to submit a bug report, please visit:
#   http://bugreport.sun.com/bugreport/crash.jsp
# The crash happened outside the Java Virtual Machine in native code.
# See problematic frame for where to report the bug.
#

---------------  T H R E A D  ---------------

Current thread (0x04b1ac00):  JavaThread "MainLoop" [_thread_in_native, id=5892, stack(0x04e70000,0x04ec0000)]

siginfo: ExceptionCode=0xc0000005, writing address 0x00000000

Registers:
EAX=0x24782b84, EBX=0x04b1ad30, ECX=0x00000014, EDX=0x00000000
ESP=0x04ebf170, EBP=0x04ebf178, ESI=0x24782b34, EDI=0x00000000
EIP=0x77649b60, EFLAGS=0x00010216

Top of Stack: (sp=0x04ebf170)
0x04ebf170:   04ebf1c8 24782b34 00000000 6ceec2b3
0x04ebf180:   00000000 24782b34 00000050 028c8594
0x04ebf190:   0000000c 007ce6dc 10098fc8 2476bf30
0x04ebf1a0:   04ebf1d0 04b1ac00 04ebf1e8 028c77d9
0x04ebf1b0:   04b1ad30 04ebf1d0 04ebf1c8 04ebf1cc
0x04ebf1c0:   00000014 00000000 24782b28 2476bf30
0x04ebf1d0:   2996f128 00000026 04ebf250 04b1ad30
0x04ebf1e0:   00000000 04ebf1d4 04ebf464 028cca58 

Instructions: (pc=0x77649b60)
0x77649b40:   8b 45 08 5e 5f c9 c3 8a 46 03 88 47 03 8a 46 02
0x77649b50:   88 47 02 8a 46 01 88 47 01 8b 45 08 5e 5f c9 c3
0x77649b60:   f3 a5 ff 24 95 b8 99 64 77 8a 06 88 07 8a 46 01
0x77649b70:   88 47 01 8b 45 08 5e 5f c9 c3 83 3d 44 00 6e 77 


Register to memory mapping:

EAX=0x24782b84 is pointing into object: 0x24782b28
[F 
 - klass: {type array float}
 - length: 20000
EBX=0x04b1ad30 is an unknown value
ECX=0x00000014 is an unknown value
EDX=0x00000000 is an unknown value
ESP=0x04ebf170 is pointing into the stack for thread: 0x04b1ac00
EBP=0x04ebf178 is pointing into the stack for thread: 0x04b1ac00
ESI=0x24782b34 is pointing into object: 0x24782b28
[F 
 - klass: {type array float}
 - length: 20000
EDI=0x00000000 is an unknown value


Stack: [0x04e70000,0x04ec0000],  sp=0x04ebf170,  free space=316k
Native frames: (J=compiled Java code, j=interpreted, Vv=VM code, C=native code)
C  [msvcrt.dll+0x9b60]

Java frames: (J=compiled Java code, j=interpreted, Vv=VM code)
J  com.badlogic.gdx.utils.BufferUtils.copyJni([FLjava/nio/Buffer;II)V
J  com.badlogic.gdx.utils.BufferUtils.copy([FLjava/nio/Buffer;II)V
J  com.badlogic.gdx.graphics.g2d.SpriteBatch.renderMesh()V
J  com.badlogic.gdx.graphics.g2d.SpriteBatch.draw(Lcom/badlogic/gdx/graphics/Texture;[FII)V
J  Reciclagem.render()V
J  com.badlogic.gdx.backends.jglfw.JglfwApplication.frame()V
j  com.badlogic.gdx.backends.jglfw.JglfwApplication.start()V+61
j  com.badlogic.gdx.backends.jglfw.JglfwApplication.initialize(Lcom/badlogic/gdx/backends/jglfw/JglfwApplicationConfiguration;)V+166
j  com.badlogic.gdx.backends.jglfw.JglfwApplication$1.run()V+8
j  java.lang.Thread.run()V+11
v  ~StubRoutines::call_stub

---------------  P R O C E S S  ---------------

Java Threads: ( => current thread )
  0x008ec400 JavaThread "DestroyJavaVM" [_thread_blocked, id=3884, stack(0x00fc0000,0x01010000)]
=>0x04b1ac00 JavaThread "MainLoop" [_thread_in_native, id=5892, stack(0x04e70000,0x04ec0000)]
  0x009a6c00 JavaThread "Service Thread" daemon [_thread_blocked, id=7016, stack(0x04a60000,0x04ab0000)]
  0x009a2000 JavaThread "C1 CompilerThread0" daemon [_thread_blocked, id=6320, stack(0x04a10000,0x04a60000)]
  0x009a0c00 JavaThread "Attach Listener" daemon [_thread_blocked, id=3304, stack(0x048e0000,0x04930000)]
  0x0099d800 JavaThread "Signal Dispatcher" daemon [_thread_blocked, id=2256, stack(0x01040000,0x01090000)]
  0x0092f800 JavaThread "Finalizer" daemon [_thread_blocked, id=3924, stack(0x01300000,0x01350000)]
  0x0092e000 JavaThread "Reference Handler" daemon [_thread_blocked, id=4728, stack(0x01280000,0x012d0000)]

Other Threads:
  0x0092c800 VMThread [stack: 0x00e90000,0x00ee0000] [id=6936]
  0x009bc400 WatcherThread [stack: 0x049c0000,0x04a10000] [id=2100]

VM state:not at safepoint (normal execution)

VM Mutex/Monitor currently owned by a thread: None

Heap
 def new generation   total 4928K, used 4269K [0x243b0000, 0x24900000, 0x29900000)
  eden space 4416K,  90% used [0x243b0000, 0x247992a8, 0x24800000)
  from space 512K,  51% used [0x24800000, 0x24842440, 0x24880000)
  to   space 512K,   0% used [0x24880000, 0x24880000, 0x24900000)
 tenured generation   total 10944K, used 8340K [0x29900000, 0x2a3b0000, 0x343b0000)
   the space 10944K,  76% used [0x29900000, 0x2a125228, 0x2a125400, 0x2a3b0000)
 compacting perm gen  total 12288K, used 1573K [0x343b0000, 0x34fb0000, 0x383b0000)
   the space 12288K,  12% used [0x343b0000, 0x34539748, 0x34539800, 0x34fb0000)
    ro space 10240K,  41% used [0x383b0000, 0x387e16b0, 0x387e1800, 0x38db0000)
    rw space 12288K,  52% used [0x38db0000, 0x393f59f0, 0x393f5a00, 0x399b0000)

Card table byte_map: [0x00dd0000,0x00e80000] byte_map_base: 0x00cae280

Polling page: 0x001c0000

Code Cache  [0x02800000, 0x028e0000, 0x04800000)
 total_blobs=506 nmethods=217 adapters=226 free_code_cache=31877Kb largest_free_block=32642304

Compilation events (10 events):
Event: 1.671 Thread 0x009a2000  213             com.badlogic.gdx.backends.jglfw.JglfwGraphics::isForeground (5 bytes)
Event: 1.672 Thread 0x009a2000 nmethod 213 0x028dd648 code [0x028dd740, 0x028dd7c0]
Event: 1.672 Thread 0x009a2000  214   !         com.badlogic.gdx.backends.jglfw.JglfwGraphics::shouldRender (35 bytes)
Event: 1.672 Thread 0x009a2000 nmethod 214 0x028dd808 code [0x028dd900, 0x028dd9f0]
Event: 1.950 Thread 0x009a2000  215             java.util.HashMap::put (142 bytes)
Event: 1.951 Thread 0x009a2000 nmethod 215 0x028dda48 code [0x028ddba0, 0x028dddc8]
Event: 9.609 Thread 0x009a2000  216             java.lang.String::substring (79 bytes)
Event: 9.610 Thread 0x009a2000 nmethod 216 0x028ddfc8 code [0x028de110, 0x028de3c0]
Event: 10.710 Thread 0x009a2000  217 %           com.badlogic.gdx.backends.jglfw.JglfwApplication::start @ 53 (72 bytes)
Event: 10.711 Thread 0x009a2000 nmethod 217% 0x028de588 code [0x028de6e0, 0x028de8ec]

GC Heap History (10 events):
Event: 12.433 GC heap before
{Heap before GC invocations=343 (full 0):
 def new generation   total 4928K, used 4635K [0x243b0000, 0x24900000, 0x29900000)
  eden space 4416K,  98% used [0x243b0000, 0x247f48e0, 0x24800000)
  from space 512K,  51% used [0x24880000, 0x248c2440, 0x24900000)
  to   space 512K,   0% used [0x24800000, 0x24800000, 0x24880000)
 tenured generation   total 10944K, used 8237K [0x29900000, 0x2a3b0000, 0x343b0000)
   the space 10944K,  75% used [0x29900000, 0x2a10b5a8, 0x2a10b600, 0x2a3b0000)
 compacting perm gen  total 12288K, used 1573K [0x343b0000, 0x34fb0000, 0x383b0000)
   the space 12288K,  12% used [0x343b0000, 0x34539748, 0x34539800, 0x34fb0000)
    ro space 10240K,  41% used [0x383b0000, 0x387e16b0, 0x387e1800, 0x38db0000)
    rw space 12288K,  52% used [0x38db0000, 0x393f59f0, 0x393f5a00, 0x399b0000)
Event: 12.434 GC heap after
Heap after GC invocations=344 (full 0):
 def new generation   total 4928K, used 265K [0x243b0000, 0x24900000, 0x29900000)
  eden space 4416K,   0% used [0x243b0000, 0x243b0000, 0x24800000)
  from space 512K,  51% used [0x24800000, 0x24842440, 0x24880000)
  to   space 512K,   0% used [0x24880000, 0x24880000, 0x24900000)
 tenured generation   total 10944K, used 8258K [0x29900000, 0x2a3b0000, 0x343b0000)
   the space 10944K,  75% used [0x29900000, 0x2a110828, 0x2a110a00, 0x2a3b0000)
 compacting perm gen  total 12288K, used 1573K [0x343b0000, 0x34fb0000, 0x383b0000)
   the space 12288K,  12% used [0x343b0000, 0x34539748, 0x34539800, 0x34fb0000)
    ro space 10240K,  41% used [0x383b0000, 0x387e16b0, 0x387e1800, 0x38db0000)
    rw space 12288K,  52% used [0x38db0000, 0x393f59f0, 0x393f5a00, 0x399b0000)
}
Event: 12.467 GC heap before
{Heap before GC invocations=344 (full 0):
 def new generation   total 4928K, used 4635K [0x243b0000, 0x24900000, 0x29900000)
  eden space 4416K,  98% used [0x243b0000, 0x247f48e0, 0x24800000)
  from space 512K,  51% used [0x24800000, 0x24842440, 0x24880000)
  to   space 512K,   0% used [0x24880000, 0x24880000, 0x24900000)
 tenured generation   total 10944K, used 8258K [0x29900000, 0x2a3b0000, 0x343b0000)
   the space 10944K,  75% used [0x29900000, 0x2a110828, 0x2a110a00, 0x2a3b0000)
 compacting perm gen  total 12288K, used 1573K [0x343b0000, 0x34fb0000, 0x383b0000)
   the space 12288K,  12% used [0x343b0000, 0x34539748, 0x34539800, 0x34fb0000)
    ro space 10240K,  41% used [0x383b0000, 0x387e16b0, 0x387e1800, 0x38db0000)
    rw space 12288K,  52% used [0x38db0000, 0x393f59f0, 0x393f5a00, 0x399b0000)
Event: 12.468 GC heap after
Heap after GC invocations=345 (full 0):
 def new generation   total 4928K, used 265K [0x243b0000, 0x24900000, 0x29900000)
  eden space 4416K,   0% used [0x243b0000, 0x243b0000, 0x24800000)
  from space 512K,  51% used [0x24880000, 0x248c2440, 0x24900000)
  to   space 512K,   0% used [0x24800000, 0x24800000, 0x24880000)
 tenured generation   total 10944K, used 8278K [0x29900000, 0x2a3b0000, 0x343b0000)
   the space 10944K,  75% used [0x29900000, 0x2a115aa8, 0x2a115c00, 0x2a3b0000)
 compacting perm gen  total 12288K, used 1573K [0x343b0000, 0x34fb0000, 0x383b0000)
   the space 12288K,  12% used [0x343b0000, 0x34539748, 0x34539800, 0x34fb0000)
    ro space 10240K,  41% used [0x383b0000, 0x387e16b0, 0x387e1800, 0x38db0000)
    rw space 12288K,  52% used [0x38db0000, 0x393f59f0, 0x393f5a00, 0x399b0000)
}
Event: 12.501 GC heap before
{Heap before GC invocations=345 (full 0):
 def new generation   total 4928K, used 4635K [0x243b0000, 0x24900000, 0x29900000)
  eden space 4416K,  98% used [0x243b0000, 0x247f48e0, 0x24800000)
  from space 512K,  51% used [0x24880000, 0x248c2440, 0x24900000)
  to   space 512K,   0% used [0x24800000, 0x24800000, 0x24880000)
 tenured generation   total 10944K, used 8278K [0x29900000, 0x2a3b0000, 0x343b0000)
   the space 10944K,  75% used [0x29900000, 0x2a115aa8, 0x2a115c00, 0x2a3b0000)
 compacting perm gen  total 12288K, used 1573K [0x343b0000, 0x34fb0000, 0x383b0000)
   the space 12288K,  12% used [0x343b0000, 0x34539748, 0x34539800, 0x34fb0000)
    ro space 10240K,  41% used [0x383b0000, 0x387e16b0, 0x387e1800, 0x38db0000)
    rw space 12288K,  52% used [0x38db0000, 0x393f59f0, 0x393f5a00, 0x399b0000)
Event: 12.501 GC heap after
Heap after GC invocations=346 (full 0):
 def new generation   total 4928K, used 265K [0x243b0000, 0x24900000, 0x29900000)
  eden space 4416K,   0% used [0x243b0000, 0x243b0000, 0x24800000)
  from space 512K,  51% used [0x24800000, 0x24842440, 0x24880000)
  to   space 512K,   0% used [0x24880000, 0x24880000, 0x24900000)
 tenured generation   total 10944K, used 8299K [0x29900000, 0x2a3b0000, 0x343b0000)
   the space 10944K,  75% used [0x29900000, 0x2a11ad28, 0x2a11ae00, 0x2a3b0000)
 compacting perm gen  total 12288K, used 1573K [0x343b0000, 0x34fb0000, 0x383b0000)
   the space 12288K,  12% used [0x343b0000, 0x34539748, 0x34539800, 0x34fb0000)
    ro space 10240K,  41% used [0x383b0000, 0x387e16b0, 0x387e1800, 0x38db0000)
    rw space 12288K,  52% used [0x38db0000, 0x393f59f0, 0x393f5a00, 0x399b0000)
}
Event: 12.534 GC heap before
{Heap before GC invocations=346 (full 0):
 def new generation   total 4928K, used 4635K [0x243b0000, 0x24900000, 0x29900000)
  eden space 4416K,  98% used [0x243b0000, 0x247f48e0, 0x24800000)
  from space 512K,  51% used [0x24800000, 0x24842440, 0x24880000)
  to   space 512K,   0% used [0x24880000, 0x24880000, 0x24900000)
 tenured generation   total 10944K, used 8299K [0x29900000, 0x2a3b0000, 0x343b0000)
   the space 10944K,  75% used [0x29900000, 0x2a11ad28, 0x2a11ae00, 0x2a3b0000)
 compacting perm gen  total 12288K, used 1573K [0x343b0000, 0x34fb0000, 0x383b0000)
   the space 12288K,  12% used [0x343b0000, 0x34539748, 0x34539800, 0x34fb0000)
    ro space 10240K,  41% used [0x383b0000, 0x387e16b0, 0x387e1800, 0x38db0000)
    rw space 12288K,  52% used [0x38db0000, 0x393f59f0, 0x393f5a00, 0x399b0000)
Event: 12.534 GC heap after
Heap after GC invocations=347 (full 0):
 def new generation   total 4928K, used 265K [0x243b0000, 0x24900000, 0x29900000)
  eden space 4416K,   0% used [0x243b0000, 0x243b0000, 0x24800000)
  from space 512K,  51% used [0x24880000, 0x248c2440, 0x24900000)
  to   space 512K,   0% used [0x24800000, 0x24800000, 0x24880000)
 tenured generation   total 10944K, used 8319K [0x29900000, 0x2a3b0000, 0x343b0000)
   the space 10944K,  76% used [0x29900000, 0x2a11ffa8, 0x2a120000, 0x2a3b0000)
 compacting perm gen  total 12288K, used 1573K [0x343b0000, 0x34fb0000, 0x383b0000)
   the space 12288K,  12% used [0x343b0000, 0x34539748, 0x34539800, 0x34fb0000)
    ro space 10240K,  41% used [0x383b0000, 0x387e16b0, 0x387e1800, 0x38db0000)
    rw space 12288K,  52% used [0x38db0000, 0x393f59f0, 0x393f5a00, 0x399b0000)
}
Event: 12.568 GC heap before
{Heap before GC invocations=347 (full 0):
 def new generation   total 4928K, used 4635K [0x243b0000, 0x24900000, 0x29900000)
  eden space 4416K,  98% used [0x243b0000, 0x247f48e0, 0x24800000)
  from space 512K,  51% used [0x24880000, 0x248c2440, 0x24900000)
  to   space 512K,   0% used [0x24800000, 0x24800000, 0x24880000)
 tenured generation   total 10944K, used 8319K [0x29900000, 0x2a3b0000, 0x343b0000)
   the space 10944K,  76% used [0x29900000, 0x2a11ffa8, 0x2a120000, 0x2a3b0000)
 compacting perm gen  total 12288K, used 1573K [0x343b0000, 0x34fb0000, 0x383b0000)
   the space 12288K,  12% used [0x343b0000, 0x34539748, 0x34539800, 0x34fb0000)
    ro space 10240K,  41% used [0x383b0000, 0x387e16b0, 0x387e1800, 0x38db0000)
    rw space 12288K,  52% used [0x38db0000, 0x393f59f0, 0x393f5a00, 0x399b0000)
Event: 12.569 GC heap after
Heap after GC invocations=348 (full 0):
 def new generation   total 4928K, used 265K [0x243b0000, 0x24900000, 0x29900000)
  eden space 4416K,   0% used [0x243b0000, 0x243b0000, 0x24800000)
  from space 512K,  51% used [0x24800000, 0x24842440, 0x24880000)
  to   space 512K,   0% used [0x24880000, 0x24880000, 0x24900000)
 tenured generation   total 10944K, used 8340K [0x29900000, 0x2a3b0000, 0x343b0000)
   the space 10944K,  76% used [0x29900000, 0x2a125228, 0x2a125400, 0x2a3b0000)
 compacting perm gen  total 12288K, used 1573K [0x343b0000, 0x34fb0000, 0x383b0000)
   the space 12288K,  12% used [0x343b0000, 0x34539748, 0x34539800, 0x34fb0000)
    ro space 10240K,  41% used [0x383b0000, 0x387e16b0, 0x387e1800, 0x38db0000)
    rw space 12288K,  52% used [0x38db0000, 0x393f59f0, 0x393f5a00, 0x399b0000)
}

Deoptimization events (0 events):
No events

Internal exceptions (10 events):
Event: 0.349 Thread 0x04b1ac00 Threw 0x247f3500 at C:\jdk7u2_32P\jdk7u40\hotspot\src\share\vm\prims\jvm.cpp:1244
Event: 0.349 Thread 0x04b1ac00 Threw 0x247f9a58 at C:\jdk7u2_32P\jdk7u40\hotspot\src\share\vm\prims\jvm.cpp:1244
Event: 0.350 Thread 0x04b1ac00 Threw 0x247ff4b8 at C:\jdk7u2_32P\jdk7u40\hotspot\src\share\vm\prims\jvm.cpp:1244
Event: 0.357 Thread 0x04b1ac00 Threw 0x243ccba8 at C:\jdk7u2_32P\jdk7u40\hotspot\src\share\vm\prims\jvm.cpp:1244
Event: 0.358 Thread 0x04b1ac00 Threw 0x243d0ec8 at C:\jdk7u2_32P\jdk7u40\hotspot\src\share\vm\prims\jvm.cpp:1244
Event: 0.358 Thread 0x04b1ac00 Threw 0x243d4d88 at C:\jdk7u2_32P\jdk7u40\hotspot\src\share\vm\prims\jvm.cpp:1244
Event: 0.359 Thread 0x04b1ac00 Threw 0x243ec998 at C:\jdk7u2_32P\jdk7u40\hotspot\src\share\vm\prims\jvm.cpp:1244
Event: 0.359 Thread 0x04b1ac00 Threw 0x243f02c0 at C:\jdk7u2_32P\jdk7u40\hotspot\src\share\vm\prims\jvm.cpp:1244
Event: 0.376 Thread 0x04b1ac00 Threw 0x24497a00 at C:\jdk7u2_32P\jdk7u40\hotspot\src\share\vm\prims\jvm.cpp:1244
Event: 2.369 Thread 0x04b1ac00 Threw 0x24782e20 at C:\jdk7u2_32P\jdk7u40\hotspot\src\share\vm\prims\jvm.cpp:1244

Events (10 events):
Event: 12.433 Executing VM operation: GenCollectForAllocation
Event: 12.434 Executing VM operation: GenCollectForAllocation done
Event: 12.467 Executing VM operation: GenCollectForAllocation
Event: 12.468 Executing VM operation: GenCollectForAllocation done
Event: 12.501 Executing VM operation: GenCollectForAllocation
Event: 12.502 Executing VM operation: GenCollectForAllocation done
Event: 12.533 Executing VM operation: GenCollectForAllocation
Event: 12.534 Executing VM operation: GenCollectForAllocation done
Event: 12.568 Executing VM operation: GenCollectForAllocation
Event: 12.569 Executing VM operation: GenCollectForAllocation done


Dynamic libraries:
0x013d0000 - 0x013ff000 	C:\Program Files (x86)\Java\jre7\bin\javaw.exe
0x77b40000 - 0x77cc0000 	C:\Windows\SysWOW64\ntdll.dll
0x6dd50000 - 0x6dd8f000 	C:\Program Files\AVAST Software\Avast\snxhk.dll
0x764f0000 - 0x76600000 	C:\Windows\syswow64\KERNEL32.dll
0x776f0000 - 0x77737000 	C:\Windows\syswow64\KERNELBASE.dll
0x77580000 - 0x77620000 	C:\Windows\syswow64\ADVAPI32.dll
0x77640000 - 0x776ec000 	C:\Windows\syswow64\msvcrt.dll
0x75630000 - 0x75649000 	C:\Windows\SysWOW64\sechost.dll
0x75d20000 - 0x75e10000 	C:\Windows\syswow64\RPCRT4.dll
0x75590000 - 0x755f0000 	C:\Windows\syswow64\SspiCli.dll
0x75580000 - 0x7558c000 	C:\Windows\syswow64\CRYPTBASE.dll
0x76770000 - 0x76870000 	C:\Windows\syswow64\USER32.dll
0x76870000 - 0x76900000 	C:\Windows\syswow64\GDI32.dll
0x75a10000 - 0x75a1a000 	C:\Windows\syswow64\LPK.dll
0x75e10000 - 0x75ead000 	C:\Windows\syswow64\USP10.dll
0x727f0000 - 0x7298e000 	C:\Windows\WinSxS\x86_microsoft.windows.common-controls_6595b64144ccf1df_6.0.7601.17514_none_41e6975e2bd6f2b2\COMCTL32.dll
0x75a20000 - 0x75a77000 	C:\Windows\syswow64\SHLWAPI.dll
0x76490000 - 0x764f0000 	C:\Windows\system32\IMM32.DLL
0x763c0000 - 0x7648c000 	C:\Windows\syswow64\MSCTF.dll
0x5d580000 - 0x5d63e000 	C:\Program Files (x86)\Java\jre7\bin\msvcr100.dll
0x5d170000 - 0x5d4f0000 	C:\Program Files (x86)\Java\jre7\bin\client\jvm.dll
0x73a50000 - 0x73a57000 	C:\Windows\system32\WSOCK32.dll
0x76730000 - 0x76765000 	C:\Windows\syswow64\WS2_32.dll
0x76720000 - 0x76726000 	C:\Windows\syswow64\NSI.dll
0x725d0000 - 0x72602000 	C:\Windows\system32\WINMM.dll
0x77550000 - 0x77555000 	C:\Windows\syswow64\PSAPI.DLL
0x6d570000 - 0x6d57c000 	C:\Program Files (x86)\Java\jre7\bin\verify.dll
0x6d380000 - 0x6d3a0000 	C:\Program Files (x86)\Java\jre7\bin\java.dll
0x6d4f0000 - 0x6d503000 	C:\Program Files (x86)\Java\jre7\bin\zip.dll
0x6cec0000 - 0x6cf42000 	C:\Users\Vinicius\AppData\Local\Temp\libgdxVinicius\3693967b\gdx.dll
0x6a900000 - 0x6a9cb000 	C:\Users\Vinicius\AppData\Local\Temp\libgdxVinicius\4121433788\jglfw.dll
0x6e480000 - 0x6e548000 	C:\Windows\system32\OPENGL32.DLL
0x71120000 - 0x71142000 	C:\Windows\system32\GLU32.dll
0x71880000 - 0x71967000 	C:\Windows\system32\DDRAW.dll
0x71870000 - 0x71876000 	C:\Windows\system32\DCIMAN32.dll
0x761e0000 - 0x7637d000 	C:\Windows\syswow64\SETUPAPI.dll
0x75600000 - 0x75627000 	C:\Windows\syswow64\CFGMGR32.dll
0x75980000 - 0x75a0f000 	C:\Windows\syswow64\OLEAUT32.dll
0x75ec0000 - 0x7601c000 	C:\Windows\syswow64\ole32.dll
0x77620000 - 0x77632000 	C:\Windows\syswow64\DEVOBJ.dll
0x71850000 - 0x71863000 	C:\Windows\system32\dwmapi.dll
0x72a20000 - 0x72aa0000 	C:\Windows\system32\uxtheme.dll
0x74c80000 - 0x74c89000 	C:\ProgramData\Real\RealPlayer\BrowserRecordPlugin\Chrome\Hook\rpchrome150browserrecordhelper.dll
0x73be0000 - 0x73c83000 	C:\Windows\WinSxS\x86_microsoft.vc90.crt_1fc8b3b9a1e18e3b_9.0.30729.6161_none_50934f2ebcb7eb57\MSVCR90.dll
0x76900000 - 0x7754a000 	C:\Windows\syswow64\SHELL32.dll
0x10000000 - 0x10dc0000 	C:\Windows\system32\ig4icd32.dll

VM Arguments:
jvm_args: -Dfile.encoding=Cp1252 
java_command: Principal
Launcher Type: SUN_STANDARD

Environment Variables:
PATH=C:/Program Files (x86)/Java/jre7/bin/client;C:/Program Files (x86)/Java/jre7/bin;C:/Program Files (x86)/Java/jre7/lib/i386;C:\Program Files (x86)\NVIDIA Corporation\PhysX\Common;C:\Program Files\Common Files\Microsoft Shared\Windows Live;C:\Program Files (x86)\Common Files\Microsoft Shared\Windows Live;C:\Windows\system32;C:\Windows;C:\Windows\System32\Wbem;C:\Windows\System32\WindowsPowerShell\v1.0\;C:\Program Files (x86)\Windows Live\Shared;C:\Program Files (x86)\Common Files\Roxio Shared\DLLShared\;C:\Program Files (x86)\Common Files\Roxio Shared\OEM\DLLShared\;C:\Program Files (x86)\Common Files\Roxio Shared\OEM\DLLShared\;C:\Program Files (x86)\Common Files\Roxio Shared\OEM\12.0\DLLShared\;C:\Program Files (x86)\Roxio\OEM\AudioCore\;c:\Program Files (x86)\Microsoft SQL Server\100\Tools\Binn\;c:\Program Files\Microsoft SQL Server\100\Tools\Binn\;c:\Program Files\Microsoft SQL Server\100\DTS\Binn\;C:\Program Files\Internet Explorer;C:\Program Files (x86)\GtkSharp\2.12\bin;C:\Program Files (x86)\Autodesk\Backburner\;C:\eclipse;
USERNAME=Vinicius
OS=Windows_NT
PROCESSOR_IDENTIFIER=Intel64 Family 6 Model 42 Stepping 7, GenuineIntel



---------------  S Y S T E M  ---------------

OS: Windows 7 , 64 bit Build 7601 Service Pack 1

CPU:total 4 (2 cores per cpu, 2 threads per core) family 6 model 42 stepping 7, cmov, cx8, fxsr, mmx, sse, sse2, sse3, ssse3, sse4.1, sse4.2, popcnt, avx, ht, tsc, tscinvbit

Memory: 4k page, physical 3051800k(808792k free), swap 6130524k(1431992k free)

vm_info: Java HotSpot(TM) Client VM (24.0-b56) for windows-x86 JRE (1.7.0_40-b43), built on Aug 26 2013 22:34:40 by "java_re" with unknown MS VC++:1600

time: Fri Sep 13 14:37:46 2013
elapsed time: 12 seconds

