#
# A fatal error has been detected by the Java Runtime Environment:
#
#  EXCEPTION_ACCESS_VIOLATION (0xc0000005) at pc=0x77649b60, pid=4392, tid=1340
#
# JRE version: Java(TM) SE Runtime Environment (7.0_40-b43) (build 1.7.0_40-b43)
# Java VM: Java HotSpot(TM) Client VM (24.0-b56 mixed mode, sharing windows-x86 )
# Problematic frame:
# C  [msvcrt.dll+0x9b60]
#
# Failed to write core dump. Minidumps are not enabled by default on client versions of Windows
#
# If you would like to submit a bug report, please visit:
#   http://bugreport.sun.com/bugreport/crash.jsp
# The crash happened outside the Java Virtual Machine in native code.
# See problematic frame for where to report the bug.
#

---------------  T H R E A D  ---------------

Current thread (0x04b5e400):  JavaThread "MainLoop" [_thread_in_native, id=1340, stack(0x048d0000,0x04920000)]

siginfo: ExceptionCode=0xc0000005, writing address 0x00000000

Registers:
EAX=0x247c723c, EBX=0x04b5e530, ECX=0x00000014, EDX=0x00000000
ESP=0x0491f460, EBP=0x0491f468, ESI=0x247c71ec, EDI=0x00000000
EIP=0x77649b60, EFLAGS=0x00010216

Top of Stack: (sp=0x0491f460)
0x0491f460:   0491f4b8 247c71ec 00000000 6ceec2b3
0x0491f470:   00000000 247c71ec 00000050 02807b54
0x0491f480:   0000000c 0061e6dc 10098fc8 247c6aa0
0x0491f490:   0491f4c0 04b5e400 0491f4d8 02809a59
0x0491f4a0:   04b5e530 0491f4c0 0491f4b8 0491f4bc
0x0491f4b0:   00000014 00000000 247c71e0 247c6aa0
0x0491f4c0:   2996e6e8 00000005 0491f540 04b5e530
0x0491f4d0:   00000000 0491f4c4 0491f754 0280d8d8 

Instructions: (pc=0x77649b60)
0x77649b40:   8b 45 08 5e 5f c9 c3 8a 46 03 88 47 03 8a 46 02
0x77649b50:   88 47 02 8a 46 01 88 47 01 8b 45 08 5e 5f c9 c3
0x77649b60:   f3 a5 ff 24 95 b8 99 64 77 8a 06 88 07 8a 46 01
0x77649b70:   88 47 01 8b 45 08 5e 5f c9 c3 83 3d 44 00 6e 77 


Register to memory mapping:

EAX=0x247c723c is pointing into object: 0x247c71e0
[F 
 - klass: {type array float}
 - length: 20000
EBX=0x04b5e530 is an unknown value
ECX=0x00000014 is an unknown value
EDX=0x00000000 is an unknown value
ESP=0x0491f460 is pointing into the stack for thread: 0x04b5e400
EBP=0x0491f468 is pointing into the stack for thread: 0x04b5e400
ESI=0x247c71ec is pointing into object: 0x247c71e0
[F 
 - klass: {type array float}
 - length: 20000
EDI=0x00000000 is an unknown value


Stack: [0x048d0000,0x04920000],  sp=0x0491f460,  free space=317k
Native frames: (J=compiled Java code, j=interpreted, Vv=VM code, C=native code)
C  [msvcrt.dll+0x9b60]

Java frames: (J=compiled Java code, j=interpreted, Vv=VM code)
J  com.badlogic.gdx.utils.BufferUtils.copyJni([FLjava/nio/Buffer;II)V
J  com.badlogic.gdx.utils.BufferUtils.copy([FLjava/nio/Buffer;II)V
J  com.badlogic.gdx.graphics.g2d.SpriteBatch.renderMesh()V
J  com.badlogic.gdx.graphics.g2d.SpriteBatch.draw(Lcom/badlogic/gdx/graphics/Texture;[FII)V
J  Reciclagem.render()V
J  com.badlogic.gdx.backends.jglfw.JglfwApplication.frame()V
j  com.badlogic.gdx.backends.jglfw.JglfwApplication.start()V+61
j  com.badlogic.gdx.backends.jglfw.JglfwApplication.initialize(Lcom/badlogic/gdx/backends/jglfw/JglfwApplicationConfiguration;)V+166
j  com.badlogic.gdx.backends.jglfw.JglfwApplication$1.run()V+8
j  java.lang.Thread.run()V+11
v  ~StubRoutines::call_stub

---------------  P R O C E S S  ---------------

Java Threads: ( => current thread )
  0x00c7c400 JavaThread "DestroyJavaVM" [_thread_blocked, id=3332, stack(0x00ed0000,0x00f20000)]
=>0x04b5e400 JavaThread "MainLoop" [_thread_in_native, id=1340, stack(0x048d0000,0x04920000)]
  0x00e3c000 JavaThread "Service Thread" daemon [_thread_blocked, id=3328, stack(0x049e0000,0x04a30000)]
  0x00e30000 JavaThread "C1 CompilerThread0" daemon [_thread_blocked, id=6624, stack(0x012a0000,0x012f0000)]
  0x00e2f000 JavaThread "Attach Listener" daemon [_thread_blocked, id=1956, stack(0x00f20000,0x00f70000)]
  0x00e2c000 JavaThread "Signal Dispatcher" daemon [_thread_blocked, id=2112, stack(0x047e0000,0x04830000)]
  0x00dc3000 JavaThread "Finalizer" daemon [_thread_blocked, id=6984, stack(0x01230000,0x01280000)]
  0x00dbe000 JavaThread "Reference Handler" daemon [_thread_blocked, id=324, stack(0x00fd0000,0x01020000)]

Other Threads:
  0x00dbc800 VMThread [stack: 0x01120000,0x01170000] [id=6660]
  0x00e65c00 WatcherThread [stack: 0x04ab0000,0x04b00000] [id=4904]

VM state:not at safepoint (normal execution)

VM Mutex/Monitor currently owned by a thread: None

Heap
 def new generation   total 4928K, used 4543K [0x243b0000, 0x24900000, 0x29900000)
  eden space 4416K,  96% used [0x243b0000, 0x247dd960, 0x24800000)
  from space 512K,  51% used [0x24800000, 0x24842440, 0x24880000)
  to   space 512K,   0% used [0x24880000, 0x24880000, 0x24900000)
 tenured generation   total 10944K, used 8338K [0x29900000, 0x2a3b0000, 0x343b0000)
   the space 10944K,  76% used [0x29900000, 0x2a124958, 0x2a124a00, 0x2a3b0000)
 compacting perm gen  total 12288K, used 1573K [0x343b0000, 0x34fb0000, 0x383b0000)
   the space 12288K,  12% used [0x343b0000, 0x34539720, 0x34539800, 0x34fb0000)
    ro space 10240K,  41% used [0x383b0000, 0x387e16b0, 0x387e1800, 0x38db0000)
    rw space 12288K,  52% used [0x38db0000, 0x393f59f0, 0x393f5a00, 0x399b0000)

Card table byte_map: [0x00c80000,0x00d30000] byte_map_base: 0x00b5e280

Polling page: 0x00220000

Code Cache  [0x02740000, 0x02828000, 0x04740000)
 total_blobs=514 nmethods=225 adapters=226 free_code_cache=31870Kb largest_free_block=32635328

Compilation events (10 events):
Event: 10.159 Thread 0x00e30000  221             java.lang.String::substring (79 bytes)
Event: 10.159 Thread 0x00e30000 nmethod 221 0x0281ee08 code [0x0281ef50, 0x0281f200]
Event: 10.804 Thread 0x00e30000  222 %           com.badlogic.gdx.backends.jglfw.JglfwApplication::start @ 53 (72 bytes)
Event: 10.805 Thread 0x00e30000 nmethod 222% 0x0281f3c8 code [0x0281f520, 0x0281f72c]
Event: 12.569 Thread 0x00e30000  223             java.util.ArrayList::rangeCheck (22 bytes)
Event: 12.571 Thread 0x00e30000 nmethod 223 0x0281f948 code [0x0281faa0, 0x0281fd68]
Event: 12.571 Thread 0x00e30000  224             java.util.ArrayList::elementData (7 bytes)
Event: 12.571 Thread 0x00e30000 nmethod 224 0x02820008 code [0x02820100, 0x028201a0]
Event: 12.599 Thread 0x00e30000  225             java.util.ArrayList::get (11 bytes)
Event: 12.600 Thread 0x00e30000 nmethod 225 0x02820248 code [0x02820360, 0x028204a8]

GC Heap History (10 events):
Event: 12.606 GC heap before
{Heap before GC invocations=343 (full 0):
 def new generation   total 4928K, used 4635K [0x243b0000, 0x24900000, 0x29900000)
  eden space 4416K,  98% used [0x243b0000, 0x247f48e0, 0x24800000)
  from space 512K,  51% used [0x24880000, 0x248c2440, 0x24900000)
  to   space 512K,   0% used [0x24800000, 0x24800000, 0x24880000)
 tenured generation   total 10944K, used 8235K [0x29900000, 0x2a3b0000, 0x343b0000)
   the space 10944K,  75% used [0x29900000, 0x2a10acd8, 0x2a10ae00, 0x2a3b0000)
 compacting perm gen  total 12288K, used 1573K [0x343b0000, 0x34fb0000, 0x383b0000)
   the space 12288K,  12% used [0x343b0000, 0x34539720, 0x34539800, 0x34fb0000)
    ro space 10240K,  41% used [0x383b0000, 0x387e16b0, 0x387e1800, 0x38db0000)
    rw space 12288K,  52% used [0x38db0000, 0x393f59f0, 0x393f5a00, 0x399b0000)
Event: 12.607 GC heap after
Heap after GC invocations=344 (full 0):
 def new generation   total 4928K, used 265K [0x243b0000, 0x24900000, 0x29900000)
  eden space 4416K,   0% used [0x243b0000, 0x243b0000, 0x24800000)
  from space 512K,  51% used [0x24800000, 0x24842440, 0x24880000)
  to   space 512K,   0% used [0x24880000, 0x24880000, 0x24900000)
 tenured generation   total 10944K, used 8255K [0x29900000, 0x2a3b0000, 0x343b0000)
   the space 10944K,  75% used [0x29900000, 0x2a10ff58, 0x2a110000, 0x2a3b0000)
 compacting perm gen  total 12288K, used 1573K [0x343b0000, 0x34fb0000, 0x383b0000)
   the space 12288K,  12% used [0x343b0000, 0x34539720, 0x34539800, 0x34fb0000)
    ro space 10240K,  41% used [0x383b0000, 0x387e16b0, 0x387e1800, 0x38db0000)
    rw space 12288K,  52% used [0x38db0000, 0x393f59f0, 0x393f5a00, 0x399b0000)
}
Event: 12.644 GC heap before
{Heap before GC invocations=344 (full 0):
 def new generation   total 4928K, used 4635K [0x243b0000, 0x24900000, 0x29900000)
  eden space 4416K,  98% used [0x243b0000, 0x247f48e0, 0x24800000)
  from space 512K,  51% used [0x24800000, 0x24842440, 0x24880000)
  to   space 512K,   0% used [0x24880000, 0x24880000, 0x24900000)
 tenured generation   total 10944K, used 8255K [0x29900000, 0x2a3b0000, 0x343b0000)
   the space 10944K,  75% used [0x29900000, 0x2a10ff58, 0x2a110000, 0x2a3b0000)
 compacting perm gen  total 12288K, used 1573K [0x343b0000, 0x34fb0000, 0x383b0000)
   the space 12288K,  12% used [0x343b0000, 0x34539720, 0x34539800, 0x34fb0000)
    ro space 10240K,  41% used [0x383b0000, 0x387e16b0, 0x387e1800, 0x38db0000)
    rw space 12288K,  52% used [0x38db0000, 0x393f59f0, 0x393f5a00, 0x399b0000)
Event: 12.645 GC heap after
Heap after GC invocations=345 (full 0):
 def new generation   total 4928K, used 265K [0x243b0000, 0x24900000, 0x29900000)
  eden space 4416K,   0% used [0x243b0000, 0x243b0000, 0x24800000)
  from space 512K,  51% used [0x24880000, 0x248c2440, 0x24900000)
  to   space 512K,   0% used [0x24800000, 0x24800000, 0x24880000)
 tenured generation   total 10944K, used 8276K [0x29900000, 0x2a3b0000, 0x343b0000)
   the space 10944K,  75% used [0x29900000, 0x2a1151d8, 0x2a115200, 0x2a3b0000)
 compacting perm gen  total 12288K, used 1573K [0x343b0000, 0x34fb0000, 0x383b0000)
   the space 12288K,  12% used [0x343b0000, 0x34539720, 0x34539800, 0x34fb0000)
    ro space 10240K,  41% used [0x383b0000, 0x387e16b0, 0x387e1800, 0x38db0000)
    rw space 12288K,  52% used [0x38db0000, 0x393f59f0, 0x393f5a00, 0x399b0000)
}
Event: 12.686 GC heap before
{Heap before GC invocations=345 (full 0):
 def new generation   total 4928K, used 4635K [0x243b0000, 0x24900000, 0x29900000)
  eden space 4416K,  98% used [0x243b0000, 0x247f48e0, 0x24800000)
  from space 512K,  51% used [0x24880000, 0x248c2440, 0x24900000)
  to   space 512K,   0% used [0x24800000, 0x24800000, 0x24880000)
 tenured generation   total 10944K, used 8276K [0x29900000, 0x2a3b0000, 0x343b0000)
   the space 10944K,  75% used [0x29900000, 0x2a1151d8, 0x2a115200, 0x2a3b0000)
 compacting perm gen  total 12288K, used 1573K [0x343b0000, 0x34fb0000, 0x383b0000)
   the space 12288K,  12% used [0x343b0000, 0x34539720, 0x34539800, 0x34fb0000)
    ro space 10240K,  41% used [0x383b0000, 0x387e16b0, 0x387e1800, 0x38db0000)
    rw space 12288K,  52% used [0x38db0000, 0x393f59f0, 0x393f5a00, 0x399b0000)
Event: 12.687 GC heap after
Heap after GC invocations=346 (full 0):
 def new generation   total 4928K, used 265K [0x243b0000, 0x24900000, 0x29900000)
  eden space 4416K,   0% used [0x243b0000, 0x243b0000, 0x24800000)
  from space 512K,  51% used [0x24800000, 0x24842440, 0x24880000)
  to   space 512K,   0% used [0x24880000, 0x24880000, 0x24900000)
 tenured generation   total 10944K, used 8297K [0x29900000, 0x2a3b0000, 0x343b0000)
   the space 10944K,  75% used [0x29900000, 0x2a11a458, 0x2a11a600, 0x2a3b0000)
 compacting perm gen  total 12288K, used 1573K [0x343b0000, 0x34fb0000, 0x383b0000)
   the space 12288K,  12% used [0x343b0000, 0x34539720, 0x34539800, 0x34fb0000)
    ro space 10240K,  41% used [0x383b0000, 0x387e16b0, 0x387e1800, 0x38db0000)
    rw space 12288K,  52% used [0x38db0000, 0x393f59f0, 0x393f5a00, 0x399b0000)
}
Event: 12.725 GC heap before
{Heap before GC invocations=346 (full 0):
 def new generation   total 4928K, used 4635K [0x243b0000, 0x24900000, 0x29900000)
  eden space 4416K,  98% used [0x243b0000, 0x247f48e0, 0x24800000)
  from space 512K,  51% used [0x24800000, 0x24842440, 0x24880000)
  to   space 512K,   0% used [0x24880000, 0x24880000, 0x24900000)
 tenured generation   total 10944K, used 8297K [0x29900000, 0x2a3b0000, 0x343b0000)
   the space 10944K,  75% used [0x29900000, 0x2a11a458, 0x2a11a600, 0x2a3b0000)
 compacting perm gen  total 12288K, used 1573K [0x343b0000, 0x34fb0000, 0x383b0000)
   the space 12288K,  12% used [0x343b0000, 0x34539720, 0x34539800, 0x34fb0000)
    ro space 10240K,  41% used [0x383b0000, 0x387e16b0, 0x387e1800, 0x38db0000)
    rw space 12288K,  52% used [0x38db0000, 0x393f59f0, 0x393f5a00, 0x399b0000)
Event: 12.726 GC heap after
Heap after GC invocations=347 (full 0):
 def new generation   total 4928K, used 265K [0x243b0000, 0x24900000, 0x29900000)
  eden space 4416K,   0% used [0x243b0000, 0x243b0000, 0x24800000)
  from space 512K,  51% used [0x24880000, 0x248c2440, 0x24900000)
  to   space 512K,   0% used [0x24800000, 0x24800000, 0x24880000)
 tenured generation   total 10944K, used 8317K [0x29900000, 0x2a3b0000, 0x343b0000)
   the space 10944K,  76% used [0x29900000, 0x2a11f6d8, 0x2a11f800, 0x2a3b0000)
 compacting perm gen  total 12288K, used 1573K [0x343b0000, 0x34fb0000, 0x383b0000)
   the space 12288K,  12% used [0x343b0000, 0x34539720, 0x34539800, 0x34fb0000)
    ro space 10240K,  41% used [0x383b0000, 0x387e16b0, 0x387e1800, 0x38db0000)
    rw space 12288K,  52% used [0x38db0000, 0x393f59f0, 0x393f5a00, 0x399b0000)
}
Event: 12.764 GC heap before
{Heap before GC invocations=347 (full 0):
 def new generation   total 4928K, used 4635K [0x243b0000, 0x24900000, 0x29900000)
  eden space 4416K,  98% used [0x243b0000, 0x247f48e0, 0x24800000)
  from space 512K,  51% used [0x24880000, 0x248c2440, 0x24900000)
  to   space 512K,   0% used [0x24800000, 0x24800000, 0x24880000)
 tenured generation   total 10944K, used 8317K [0x29900000, 0x2a3b0000, 0x343b0000)
   the space 10944K,  76% used [0x29900000, 0x2a11f6d8, 0x2a11f800, 0x2a3b0000)
 compacting perm gen  total 12288K, used 1573K [0x343b0000, 0x34fb0000, 0x383b0000)
   the space 12288K,  12% used [0x343b0000, 0x34539720, 0x34539800, 0x34fb0000)
    ro space 10240K,  41% used [0x383b0000, 0x387e16b0, 0x387e1800, 0x38db0000)
    rw space 12288K,  52% used [0x38db0000, 0x393f59f0, 0x393f5a00, 0x399b0000)
Event: 12.765 GC heap after
Heap after GC invocations=348 (full 0):
 def new generation   total 4928K, used 265K [0x243b0000, 0x24900000, 0x29900000)
  eden space 4416K,   0% used [0x243b0000, 0x243b0000, 0x24800000)
  from space 512K,  51% used [0x24800000, 0x24842440, 0x24880000)
  to   space 512K,   0% used [0x24880000, 0x24880000, 0x24900000)
 tenured generation   total 10944K, used 8338K [0x29900000, 0x2a3b0000, 0x343b0000)
   the space 10944K,  76% used [0x29900000, 0x2a124958, 0x2a124a00, 0x2a3b0000)
 compacting perm gen  total 12288K, used 1573K [0x343b0000, 0x34fb0000, 0x383b0000)
   the space 12288K,  12% used [0x343b0000, 0x34539720, 0x34539800, 0x34fb0000)
    ro space 10240K,  41% used [0x383b0000, 0x387e16b0, 0x387e1800, 0x38db0000)
    rw space 12288K,  52% used [0x38db0000, 0x393f59f0, 0x393f5a00, 0x399b0000)
}

Deoptimization events (0 events):
No events

Internal exceptions (10 events):
Event: 0.309 Thread 0x04b5e400 Threw 0x247e81d0 at C:\jdk7u2_32P\jdk7u40\hotspot\src\share\vm\prims\jvm.cpp:1244
Event: 0.314 Thread 0x04b5e400 Threw 0x243c7338 at C:\jdk7u2_32P\jdk7u40\hotspot\src\share\vm\prims\jvm.cpp:1244
Event: 0.315 Thread 0x04b5e400 Threw 0x243cb658 at C:\jdk7u2_32P\jdk7u40\hotspot\src\share\vm\prims\jvm.cpp:1244
Event: 0.315 Thread 0x04b5e400 Threw 0x243cf518 at C:\jdk7u2_32P\jdk7u40\hotspot\src\share\vm\prims\jvm.cpp:1244
Event: 0.316 Thread 0x04b5e400 Threw 0x243d3588 at C:\jdk7u2_32P\jdk7u40\hotspot\src\share\vm\prims\jvm.cpp:1244
Event: 0.316 Thread 0x04b5e400 Threw 0x243d6eb0 at C:\jdk7u2_32P\jdk7u40\hotspot\src\share\vm\prims\jvm.cpp:1244
Event: 0.330 Thread 0x04b5e400 Threw 0x243fd750 at C:\jdk7u2_32P\jdk7u40\hotspot\src\share\vm\prims\jvm.cpp:1244
Event: 0.913 Thread 0x04b5e400 Threw 0x24549e08 at C:\jdk7u2_32P\jdk7u40\hotspot\src\share\vm\prims\jvm.cpp:1244
Event: 0.914 Thread 0x04b5e400 Threw 0x24578d18 at C:\jdk7u2_32P\jdk7u40\hotspot\src\share\vm\prims\jvm.cpp:1244
Event: 3.126 Thread 0x04b5e400 Threw 0x244d8200 at C:\jdk7u2_32P\jdk7u40\hotspot\src\share\vm\prims\jvm.cpp:1244

Events (10 events):
Event: 12.606 Executing VM operation: GenCollectForAllocation
Event: 12.607 Executing VM operation: GenCollectForAllocation done
Event: 12.644 Executing VM operation: GenCollectForAllocation
Event: 12.645 Executing VM operation: GenCollectForAllocation done
Event: 12.686 Executing VM operation: GenCollectForAllocation
Event: 12.687 Executing VM operation: GenCollectForAllocation done
Event: 12.725 Executing VM operation: GenCollectForAllocation
Event: 12.726 Executing VM operation: GenCollectForAllocation done
Event: 12.764 Executing VM operation: GenCollectForAllocation
Event: 12.765 Executing VM operation: GenCollectForAllocation done


Dynamic libraries:
0x01310000 - 0x0133f000 	C:\Program Files (x86)\Java\jre7\bin\javaw.exe
0x77b40000 - 0x77cc0000 	C:\Windows\SysWOW64\ntdll.dll
0x6dd50000 - 0x6dd8f000 	C:\Program Files\AVAST Software\Avast\snxhk.dll
0x764f0000 - 0x76600000 	C:\Windows\syswow64\KERNEL32.dll
0x776f0000 - 0x77737000 	C:\Windows\syswow64\KERNELBASE.dll
0x77580000 - 0x77620000 	C:\Windows\syswow64\ADVAPI32.dll
0x77640000 - 0x776ec000 	C:\Windows\syswow64\msvcrt.dll
0x75630000 - 0x75649000 	C:\Windows\SysWOW64\sechost.dll
0x75d20000 - 0x75e10000 	C:\Windows\syswow64\RPCRT4.dll
0x75590000 - 0x755f0000 	C:\Windows\syswow64\SspiCli.dll
0x75580000 - 0x7558c000 	C:\Windows\syswow64\CRYPTBASE.dll
0x76770000 - 0x76870000 	C:\Windows\syswow64\USER32.dll
0x76870000 - 0x76900000 	C:\Windows\syswow64\GDI32.dll
0x75a10000 - 0x75a1a000 	C:\Windows\syswow64\LPK.dll
0x75e10000 - 0x75ead000 	C:\Windows\syswow64\USP10.dll
0x727f0000 - 0x7298e000 	C:\Windows\WinSxS\x86_microsoft.windows.common-controls_6595b64144ccf1df_6.0.7601.17514_none_41e6975e2bd6f2b2\COMCTL32.dll
0x75a20000 - 0x75a77000 	C:\Windows\syswow64\SHLWAPI.dll
0x76490000 - 0x764f0000 	C:\Windows\system32\IMM32.DLL
0x763c0000 - 0x7648c000 	C:\Windows\syswow64\MSCTF.dll
0x5a2f0000 - 0x5a3ae000 	C:\Program Files (x86)\Java\jre7\bin\msvcr100.dll
0x5d170000 - 0x5d4f0000 	C:\Program Files (x86)\Java\jre7\bin\client\jvm.dll
0x73a50000 - 0x73a57000 	C:\Windows\system32\WSOCK32.dll
0x76730000 - 0x76765000 	C:\Windows\syswow64\WS2_32.dll
0x76720000 - 0x76726000 	C:\Windows\syswow64\NSI.dll
0x725d0000 - 0x72602000 	C:\Windows\system32\WINMM.dll
0x77550000 - 0x77555000 	C:\Windows\syswow64\PSAPI.DLL
0x6d570000 - 0x6d57c000 	C:\Program Files (x86)\Java\jre7\bin\verify.dll
0x6d380000 - 0x6d3a0000 	C:\Program Files (x86)\Java\jre7\bin\java.dll
0x6d4f0000 - 0x6d503000 	C:\Program Files (x86)\Java\jre7\bin\zip.dll
0x6cec0000 - 0x6cf42000 	C:\Users\Vinicius\AppData\Local\Temp\libgdxVinicius\3693967b\gdx.dll
0x6a900000 - 0x6a9cb000 	C:\Users\Vinicius\AppData\Local\Temp\libgdxVinicius\4121433788\jglfw.dll
0x6e480000 - 0x6e548000 	C:\Windows\system32\OPENGL32.DLL
0x71120000 - 0x71142000 	C:\Windows\system32\GLU32.dll
0x71880000 - 0x71967000 	C:\Windows\system32\DDRAW.dll
0x71870000 - 0x71876000 	C:\Windows\system32\DCIMAN32.dll
0x761e0000 - 0x7637d000 	C:\Windows\syswow64\SETUPAPI.dll
0x75600000 - 0x75627000 	C:\Windows\syswow64\CFGMGR32.dll
0x75980000 - 0x75a0f000 	C:\Windows\syswow64\OLEAUT32.dll
0x75ec0000 - 0x7601c000 	C:\Windows\syswow64\ole32.dll
0x77620000 - 0x77632000 	C:\Windows\syswow64\DEVOBJ.dll
0x71850000 - 0x71863000 	C:\Windows\system32\dwmapi.dll
0x72a20000 - 0x72aa0000 	C:\Windows\system32\uxtheme.dll
0x74c80000 - 0x74c89000 	C:\ProgramData\Real\RealPlayer\BrowserRecordPlugin\Chrome\Hook\rpchrome150browserrecordhelper.dll
0x73be0000 - 0x73c83000 	C:\Windows\WinSxS\x86_microsoft.vc90.crt_1fc8b3b9a1e18e3b_9.0.30729.6161_none_50934f2ebcb7eb57\MSVCR90.dll
0x76900000 - 0x7754a000 	C:\Windows\syswow64\SHELL32.dll
0x10000000 - 0x10dc0000 	C:\Windows\system32\ig4icd32.dll

VM Arguments:
jvm_args: -Dfile.encoding=Cp1252 
java_command: Principal
Launcher Type: SUN_STANDARD

Environment Variables:
PATH=C:/Program Files (x86)/Java/jre7/bin/client;C:/Program Files (x86)/Java/jre7/bin;C:/Program Files (x86)/Java/jre7/lib/i386;C:\Program Files (x86)\NVIDIA Corporation\PhysX\Common;C:\Program Files\Common Files\Microsoft Shared\Windows Live;C:\Program Files (x86)\Common Files\Microsoft Shared\Windows Live;C:\Windows\system32;C:\Windows;C:\Windows\System32\Wbem;C:\Windows\System32\WindowsPowerShell\v1.0\;C:\Program Files (x86)\Windows Live\Shared;C:\Program Files (x86)\Common Files\Roxio Shared\DLLShared\;C:\Program Files (x86)\Common Files\Roxio Shared\OEM\DLLShared\;C:\Program Files (x86)\Common Files\Roxio Shared\OEM\DLLShared\;C:\Program Files (x86)\Common Files\Roxio Shared\OEM\12.0\DLLShared\;C:\Program Files (x86)\Roxio\OEM\AudioCore\;c:\Program Files (x86)\Microsoft SQL Server\100\Tools\Binn\;c:\Program Files\Microsoft SQL Server\100\Tools\Binn\;c:\Program Files\Microsoft SQL Server\100\DTS\Binn\;C:\Program Files\Internet Explorer;C:\Program Files (x86)\GtkSharp\2.12\bin;C:\Program Files (x86)\Autodesk\Backburner\;C:\eclipse;
USERNAME=Vinicius
OS=Windows_NT
PROCESSOR_IDENTIFIER=Intel64 Family 6 Model 42 Stepping 7, GenuineIntel



---------------  S Y S T E M  ---------------

OS: Windows 7 , 64 bit Build 7601 Service Pack 1

CPU:total 4 (2 cores per cpu, 2 threads per core) family 6 model 42 stepping 7, cmov, cx8, fxsr, mmx, sse, sse2, sse3, ssse3, sse4.1, sse4.2, popcnt, avx, ht, tsc, tscinvbit

Memory: 4k page, physical 3051800k(1319144k free), swap 6130524k(1283644k free)

vm_info: Java HotSpot(TM) Client VM (24.0-b56) for windows-x86 JRE (1.7.0_40-b43), built on Aug 26 2013 22:34:40 by "java_re" with unknown MS VC++:1600

time: Fri Sep 13 15:39:15 2013
elapsed time: 12 seconds

